生成启动时间为 2015/1/16 7:32:22。
     1>项目“F:\GameProject\Alpha\AlphaClient\implib\lua-5.3.0\src\Lua5.3.vcxproj”在节点 2 上(Build 个目标)。
     1>Lib:
         C:\Program Files (x86)\Microsoft Visual Studio 12.0\VC\bin\Lib.exe /OUT:"F:\GameProject\Alpha\AlphaClient\Debug\Lua5.3.lib" /NOLOGO Debug\lapi.obj
         Debug\lauxlib.obj
         Debug\lbaselib.obj
         Debug\lbitlib.obj
         Debug\lcode.obj
         Debug\lcorolib.obj
         Debug\lctype.obj
         Debug\ldblib.obj
         Debug\ldebug.obj
         Debug\ldo.obj
         Debug\ldump.obj
         Debug\lfunc.obj
         Debug\lgc.obj
         Debug\linit.obj
         Debug\liolib.obj
         Debug\llex.obj
         Debug\lmathlib.obj
         Debug\lmem.obj
         Debug\loadlib.obj
         Debug\lobject.obj
         Debug\lopcodes.obj
         Debug\loslib.obj
         Debug\lparser.obj
         Debug\lstate.obj
         Debug\lstring.obj
         Debug\lstrlib.obj
         Debug\ltable.obj
         Debug\ltablib.obj
         Debug\ltm.obj
         Debug\lua.obj
         Debug\luac.obj
         Debug\lundump.obj
         Debug\lutf8lib.obj
         Debug\lvm.obj
         Debug\lzio.obj
     1>lua.obj : warning LNK4006: _main 已在 luac.obj 中定义；已忽略第二个定义
         Lua5.3.vcxproj -> F:\GameProject\Alpha\AlphaClient\Debug\Lua5.3.lib
     1>已完成生成项目“F:\GameProject\Alpha\AlphaClient\implib\lua-5.3.0\src\Lua5.3.vcxproj”(Build 个目标)的操作。

生成成功。

已用时间 00:00:00.20
